1715096841.800317 client started (722185): version 3.2a, socket /tmp/tmux-1000/default, protocol 8
1715096841.800344 on Linux 6.2.0-1017-aws #17~22.04.1-Ubuntu SMP Fri Nov 17 21:07:13 UTC 2023
1715096841.800349 using libevent 2.1.12-stable (poll); ncurses 6.3
1715096841.800368 flags are 0x18010000
1715096841.800372 socket is /tmp/tmux-1000/default
1715096841.800386 trying connect
1715096841.800406 connect failed: No such file or directory
1715096841.800418 lock file is /tmp/tmux-1000/default.lock
1715096841.800453 flock succeeded
1715096841.800457 got lock (6)
1715096841.800464 trying connect
1715096841.800472 connect failed: No such file or directory
1715096841.800711 add peer 0x55c9e11972c0: 7 ((nil))
1715096841.802241 sending message 100 to peer 0x55c9e11972c0 (4 bytes)
1715096841.802251 sending message 111 to peer 0x55c9e11972c0 (8 bytes)
1715096841.802256 sending message 101 to peer 0x55c9e11972c0 (15 bytes)
1715096841.802260 sending message 109 to peer 0x55c9e11972c0 (4 bytes)
1715096841.802264 sending message 102 to peer 0x55c9e11972c0 (11 bytes)
1715096841.802268 sending message 108 to peer 0x55c9e11972c0 (14 bytes)
1715096841.802272 sending message 112 to peer 0x55c9e11972c0 (58 bytes)
1715096841.802277 sending message 112 to peer 0x55c9e11972c0 (5 bytes)
1715096841.802281 sending message 112 to peer 0x55c9e11972c0 (5 bytes)
1715096841.802285 sending message 112 to peer 0x55c9e11972c0 (6 bytes)
1715096841.802289 sending message 112 to peer 0x55c9e11972c0 (6 bytes)
1715096841.802293 sending message 112 to peer 0x55c9e11972c0 (11 bytes)
1715096841.802297 sending message 112 to peer 0x55c9e11972c0 (10 bytes)
1715096841.802301 sending message 112 to peer 0x55c9e11972c0 (13 bytes)
1715096841.802306 sending message 112 to peer 0x55c9e11972c0 (14 bytes)
1715096841.802310 sending message 112 to peer 0x55c9e11972c0 (19 bytes)
1715096841.802314 sending message 112 to peer 0x55c9e11972c0 (11 bytes)
1715096841.802318 sending message 112 to peer 0x55c9e11972c0 (10 bytes)
1715096841.802322 sending message 112 to peer 0x55c9e11972c0 (15 bytes)
1715096841.802326 sending message 112 to peer 0x55c9e11972c0 (21 bytes)
1715096841.802330 sending message 112 to peer 0x55c9e11972c0 (13 bytes)
1715096841.802334 sending message 112 to peer 0x55c9e11972c0 (7 bytes)
1715096841.802339 sending message 112 to peer 0x55c9e11972c0 (13 bytes)
1715096841.802343 sending message 112 to peer 0x55c9e11972c0 (7 bytes)
1715096841.802347 sending message 112 to peer 0x55c9e11972c0 (13 bytes)
1715096841.802351 sending message 112 to peer 0x55c9e11972c0 (9 bytes)
1715096841.802355 sending message 112 to peer 0x55c9e11972c0 (21 bytes)
1715096841.802359 sending message 112 to peer 0x55c9e11972c0 (13 bytes)
1715096841.802363 sending message 112 to peer 0x55c9e11972c0 (9 bytes)
1715096841.802367 sending message 112 to peer 0x55c9e11972c0 (16 bytes)
1715096841.802371 sending message 112 to peer 0x55c9e11972c0 (13 bytes)
1715096841.802375 sending message 112 to peer 0x55c9e11972c0 (9 bytes)
1715096841.802380 sending message 112 to peer 0x55c9e11972c0 (9 bytes)
1715096841.802384 sending message 112 to peer 0x55c9e11972c0 (12 bytes)
1715096841.802388 sending message 112 to peer 0x55c9e11972c0 (8 bytes)
1715096841.802392 sending message 112 to peer 0x55c9e11972c0 (8 bytes)
1715096841.802396 sending message 112 to peer 0x55c9e11972c0 (13 bytes)
1715096841.802400 sending message 112 to peer 0x55c9e11972c0 (7 bytes)
1715096841.802404 sending message 112 to peer 0x55c9e11972c0 (7 bytes)
1715096841.802408 sending message 112 to peer 0x55c9e11972c0 (9 bytes)
1715096841.802412 sending message 112 to peer 0x55c9e11972c0 (9 bytes)
1715096841.802416 sending message 112 to peer 0x55c9e11972c0 (15 bytes)
1715096841.802420 sending message 112 to peer 0x55c9e11972c0 (13 bytes)
1715096841.802424 sending message 112 to peer 0x55c9e11972c0 (12 bytes)
1715096841.802429 sending message 112 to peer 0x55c9e11972c0 (8 bytes)
1715096841.802433 sending message 112 to peer 0x55c9e11972c0 (14 bytes)
1715096841.802437 sending message 112 to peer 0x55c9e11972c0 (11 bytes)
1715096841.802441 sending message 112 to peer 0x55c9e11972c0 (9 bytes)
1715096841.802452 sending message 112 to peer 0x55c9e11972c0 (10 bytes)
1715096841.802456 sending message 112 to peer 0x55c9e11972c0 (10 bytes)
1715096841.802460 sending message 112 to peer 0x55c9e11972c0 (10 bytes)
1715096841.802465 sending message 112 to peer 0x55c9e11972c0 (10 bytes)
1715096841.802469 sending message 112 to peer 0x55c9e11972c0 (11 bytes)
1715096841.802473 sending message 112 to peer 0x55c9e11972c0 (12 bytes)
1715096841.802477 sending message 112 to peer 0x55c9e11972c0 (12 bytes)
1715096841.802481 sending message 112 to peer 0x55c9e11972c0 (12 bytes)
1715096841.802485 sending message 112 to peer 0x55c9e11972c0 (12 bytes)
1715096841.802489 sending message 112 to peer 0x55c9e11972c0 (12 bytes)
1715096841.802493 sending message 112 to peer 0x55c9e11972c0 (11 bytes)
1715096841.802497 sending message 112 to peer 0x55c9e11972c0 (11 bytes)
1715096841.802501 sending message 112 to peer 0x55c9e11972c0 (12 bytes)
1715096841.802506 sending message 112 to peer 0x55c9e11972c0 (12 bytes)
1715096841.802510 sending message 112 to peer 0x55c9e11972c0 (12 bytes)
1715096841.802514 sending message 112 to peer 0x55c9e11972c0 (12 bytes)
1715096841.802518 sending message 112 to peer 0x55c9e11972c0 (12 bytes)
1715096841.802522 sending message 112 to peer 0x55c9e11972c0 (9 bytes)
1715096841.802526 sending message 112 to peer 0x55c9e11972c0 (12 bytes)
1715096841.802543 sending message 112 to peer 0x55c9e11972c0 (13 bytes)
1715096841.802547 sending message 112 to peer 0x55c9e11972c0 (13 bytes)
1715096841.802551 sending message 112 to peer 0x55c9e11972c0 (13 bytes)
1715096841.802555 sending message 112 to peer 0x55c9e11972c0 (13 bytes)
1715096841.802559 sending message 112 to peer 0x55c9e11972c0 (13 bytes)
1715096841.802562 sending message 112 to peer 0x55c9e11972c0 (8 bytes)
1715096841.802566 sending message 112 to peer 0x55c9e11972c0 (11 bytes)
1715096841.802570 sending message 112 to peer 0x55c9e11972c0 (11 bytes)
1715096841.802574 sending message 112 to peer 0x55c9e11972c0 (11 bytes)
1715096841.802578 sending message 112 to peer 0x55c9e11972c0 (12 bytes)
1715096841.802582 sending message 112 to peer 0x55c9e11972c0 (12 bytes)
1715096841.802586 sending message 112 to peer 0x55c9e11972c0 (12 bytes)
1715096841.802590 sending message 112 to peer 0x55c9e11972c0 (12 bytes)
1715096841.802594 sending message 112 to peer 0x55c9e11972c0 (13 bytes)
1715096841.802598 sending message 112 to peer 0x55c9e11972c0 (13 bytes)
1715096841.802602 sending message 112 to peer 0x55c9e11972c0 (13 bytes)
1715096841.802606 sending message 112 to peer 0x55c9e11972c0 (8 bytes)
1715096841.802610 sending message 112 to peer 0x55c9e11972c0 (13 bytes)
1715096841.802614 sending message 112 to peer 0x55c9e11972c0 (13 bytes)
1715096841.802618 sending message 112 to peer 0x55c9e11972c0 (13 bytes)
1715096841.802622 sending message 112 to peer 0x55c9e11972c0 (13 bytes)
1715096841.802626 sending message 112 to peer 0x55c9e11972c0 (13 bytes)
1715096841.802630 sending message 112 to peer 0x55c9e11972c0 (12 bytes)
1715096841.802634 sending message 112 to peer 0x55c9e11972c0 (12 bytes)
1715096841.802638 sending message 112 to peer 0x55c9e11972c0 (12 bytes)
1715096841.802642 sending message 112 to peer 0x55c9e11972c0 (12 bytes)
1715096841.802646 sending message 112 to peer 0x55c9e11972c0 (13 bytes)
1715096841.802649 sending message 112 to peer 0x55c9e11972c0 (8 bytes)
1715096841.802653 sending message 112 to peer 0x55c9e11972c0 (13 bytes)
1715096841.802657 sending message 112 to peer 0x55c9e11972c0 (13 bytes)
1715096841.802661 sending message 112 to peer 0x55c9e11972c0 (13 bytes)
1715096841.802665 sending message 112 to peer 0x55c9e11972c0 (13 bytes)
1715096841.802669 sending message 112 to peer 0x55c9e11972c0 (13 bytes)
1715096841.802673 sending message 112 to peer 0x55c9e11972c0 (13 bytes)
1715096841.802677 sending message 112 to peer 0x55c9e11972c0 (13 bytes)
1715096841.802681 sending message 112 to peer 0x55c9e11972c0 (12 bytes)
1715096841.802685 sending message 112 to peer 0x55c9e11972c0 (12 bytes)
1715096841.802689 sending message 112 to peer 0x55c9e11972c0 (12 bytes)
1715096841.802697 sending message 112 to peer 0x55c9e11972c0 (8 bytes)
1715096841.802701 sending message 112 to peer 0x55c9e11972c0 (12 bytes)
1715096841.802705 sending message 112 to peer 0x55c9e11972c0 (13 bytes)
1715096841.802709 sending message 112 to peer 0x55c9e11972c0 (13 bytes)
1715096841.802712 sending message 112 to peer 0x55c9e11972c0 (13 bytes)
1715096841.802716 sending message 112 to peer 0x55c9e11972c0 (13 bytes)
1715096841.802720 sending message 112 to peer 0x55c9e11972c0 (13 bytes)
1715096841.802724 sending message 112 to peer 0x55c9e11972c0 (13 bytes)
1715096841.802728 sending message 112 to peer 0x55c9e11972c0 (13 bytes)
1715096841.802732 sending message 112 to peer 0x55c9e11972c0 (13 bytes)
1715096841.802736 sending message 112 to peer 0x55c9e11972c0 (12 bytes)
1715096841.802740 sending message 112 to peer 0x55c9e11972c0 (10 bytes)
1715096841.802744 sending message 112 to peer 0x55c9e11972c0 (12 bytes)
1715096841.802748 sending message 112 to peer 0x55c9e11972c0 (12 bytes)
1715096841.802752 sending message 112 to peer 0x55c9e11972c0 (12 bytes)
1715096841.802756 sending message 112 to peer 0x55c9e11972c0 (13 bytes)
1715096841.802760 sending message 112 to peer 0x55c9e11972c0 (13 bytes)
1715096841.802764 sending message 112 to peer 0x55c9e11972c0 (13 bytes)
1715096841.802768 sending message 112 to peer 0x55c9e11972c0 (13 bytes)
1715096841.802772 sending message 112 to peer 0x55c9e11972c0 (13 bytes)
1715096841.802776 sending message 112 to peer 0x55c9e11972c0 (13 bytes)
1715096841.802780 sending message 112 to peer 0x55c9e11972c0 (13 bytes)
1715096841.802784 sending message 112 to peer 0x55c9e11972c0 (10 bytes)
1715096841.802787 sending message 112 to peer 0x55c9e11972c0 (13 bytes)
1715096841.802791 sending message 112 to peer 0x55c9e11972c0 (12 bytes)
1715096841.802795 sending message 112 to peer 0x55c9e11972c0 (12 bytes)
1715096841.802799 sending message 112 to peer 0x55c9e11972c0 (12 bytes)
1715096841.802803 sending message 112 to peer 0x55c9e11972c0 (10 bytes)
1715096841.802807 sending message 112 to peer 0x55c9e11972c0 (10 bytes)
1715096841.802811 sending message 112 to peer 0x55c9e11972c0 (10 bytes)
1715096841.802815 sending message 112 to peer 0x55c9e11972c0 (12 bytes)
1715096841.802819 sending message 112 to peer 0x55c9e11972c0 (13 bytes)
1715096841.802823 sending message 112 to peer 0x55c9e11972c0 (13 bytes)
1715096841.802827 sending message 112 to peer 0x55c9e11972c0 (13 bytes)
1715096841.802831 sending message 112 to peer 0x55c9e11972c0 (13 bytes)
1715096841.802835 sending message 112 to peer 0x55c9e11972c0 (13 bytes)
1715096841.802839 sending message 112 to peer 0x55c9e11972c0 (10 bytes)
1715096841.802843 sending message 112 to peer 0x55c9e11972c0 (11 bytes)
1715096841.802846 sending message 112 to peer 0x55c9e11972c0 (12 bytes)
1715096841.802850 sending message 112 to peer 0x55c9e11972c0 (12 bytes)
1715096841.802854 sending message 112 to peer 0x55c9e11972c0 (12 bytes)
1715096841.802858 sending message 112 to peer 0x55c9e11972c0 (12 bytes)
1715096841.802862 sending message 112 to peer 0x55c9e11972c0 (12 bytes)
1715096841.802866 sending message 112 to peer 0x55c9e11972c0 (11 bytes)
1715096841.802870 sending message 112 to peer 0x55c9e11972c0 (12 bytes)
1715096841.802874 sending message 112 to peer 0x55c9e11972c0 (12 bytes)
1715096841.802878 sending message 112 to peer 0x55c9e11972c0 (13 bytes)
1715096841.802882 sending message 112 to peer 0x55c9e11972c0 (13 bytes)
1715096841.802886 sending message 112 to peer 0x55c9e11972c0 (13 bytes)
1715096841.802890 sending message 112 to peer 0x55c9e11972c0 (13 bytes)
1715096841.802894 sending message 112 to peer 0x55c9e11972c0 (13 bytes)
1715096841.802898 sending message 112 to peer 0x55c9e11972c0 (10 bytes)
1715096841.802915 sending message 112 to peer 0x55c9e11972c0 (9 bytes)
1715096841.802924 sending message 112 to peer 0x55c9e11972c0 (12 bytes)
1715096841.802929 sending message 112 to peer 0x55c9e11972c0 (13 bytes)
1715096841.802933 sending message 112 to peer 0x55c9e11972c0 (13 bytes)
1715096841.802937 sending message 112 to peer 0x55c9e11972c0 (13 bytes)
1715096841.802945 sending message 112 to peer 0x55c9e11972c0 (13 bytes)
1715096841.802949 sending message 112 to peer 0x55c9e11972c0 (13 bytes)
1715096841.802953 sending message 112 to peer 0x55c9e11972c0 (9 bytes)
1715096841.802957 sending message 112 to peer 0x55c9e11972c0 (12 bytes)
1715096841.802961 sending message 112 to peer 0x55c9e11972c0 (13 bytes)
1715096841.802965 sending message 112 to peer 0x55c9e11972c0 (13 bytes)
1715096841.802969 sending message 112 to peer 0x55c9e11972c0 (13 bytes)
1715096841.802973 sending message 112 to peer 0x55c9e11972c0 (13 bytes)
1715096841.802977 sending message 112 to peer 0x55c9e11972c0 (13 bytes)
1715096841.802981 sending message 112 to peer 0x55c9e11972c0 (11 bytes)
1715096841.802985 sending message 112 to peer 0x55c9e11972c0 (12 bytes)
1715096841.802989 sending message 112 to peer 0x55c9e11972c0 (13 bytes)
1715096841.802993 sending message 112 to peer 0x55c9e11972c0 (13 bytes)
1715096841.802997 sending message 112 to peer 0x55c9e11972c0 (13 bytes)
1715096841.803001 sending message 112 to peer 0x55c9e11972c0 (13 bytes)
1715096841.803005 sending message 112 to peer 0x55c9e11972c0 (13 bytes)
1715096841.803009 sending message 112 to peer 0x55c9e11972c0 (11 bytes)
1715096841.803013 sending message 112 to peer 0x55c9e11972c0 (12 bytes)
1715096841.803017 sending message 112 to peer 0x55c9e11972c0 (12 bytes)
1715096841.803021 sending message 112 to peer 0x55c9e11972c0 (12 bytes)
1715096841.803028 sending message 112 to peer 0x55c9e11972c0 (12 bytes)
1715096841.803032 sending message 112 to peer 0x55c9e11972c0 (12 bytes)
1715096841.803036 sending message 112 to peer 0x55c9e11972c0 (21 bytes)
1715096841.803040 sending message 112 to peer 0x55c9e11972c0 (12 bytes)
1715096841.803044 sending message 112 to peer 0x55c9e11972c0 (9 bytes)
1715096841.803048 sending message 112 to peer 0x55c9e11972c0 (6 bytes)
1715096841.803051 sending message 112 to peer 0x55c9e11972c0 (13 bytes)
1715096841.803055 sending message 112 to peer 0x55c9e11972c0 (10 bytes)
1715096841.803059 sending message 112 to peer 0x55c9e11972c0 (24 bytes)
1715096841.803063 sending message 112 to peer 0x55c9e11972c0 (13 bytes)
1715096841.803067 sending message 112 to peer 0x55c9e11972c0 (9 bytes)
1715096841.803071 sending message 112 to peer 0x55c9e11972c0 (70 bytes)
1715096841.803075 sending message 112 to peer 0x55c9e11972c0 (69 bytes)
1715096841.803081 sending message 112 to peer 0x55c9e11972c0 (12 bytes)
1715096841.803085 sending message 112 to peer 0x55c9e11972c0 (10 bytes)
1715096841.803089 sending message 112 to peer 0x55c9e11972c0 (10 bytes)
1715096841.803095 sending message 112 to peer 0x55c9e11972c0 (24 bytes)
1715096841.803099 sending message 112 to peer 0x55c9e11972c0 (13 bytes)
1715096841.803103 sending message 112 to peer 0x55c9e11972c0 (10 bytes)
1715096841.803107 sending message 112 to peer 0x55c9e11972c0 (10 bytes)
1715096841.803111 sending message 112 to peer 0x55c9e11972c0 (10 bytes)
1715096841.803115 sending message 112 to peer 0x55c9e11972c0 (13 bytes)
1715096841.803118 sending message 112 to peer 0x55c9e11972c0 (15 bytes)
1715096841.803122 sending message 112 to peer 0x55c9e11972c0 (5 bytes)
1715096841.803127 sending message 104 to peer 0x55c9e11972c0 (0 bytes)
1715096841.803132 sending message 110 to peer 0x55c9e11972c0 (0 bytes)
1715096841.803141 sending message 107 to peer 0x55c9e11972c0 (4 bytes)
1715096841.803146 sending message 105 to peer 0x55c9e11972c0 (16 bytes)
1715096841.803150 sending message 105 to peer 0x55c9e11972c0 (18 bytes)
1715096841.803154 sending message 105 to peer 0x55c9e11972c0 (15 bytes)
1715096841.803158 sending message 105 to peer 0x55c9e11972c0 (21 bytes)
1715096841.803162 sending message 105 to peer 0x55c9e11972c0 (15 bytes)
1715096841.803168 sending message 105 to peer 0x55c9e11972c0 (18 bytes)
1715096841.803175 sending message 105 to peer 0x55c9e11972c0 (13 bytes)
1715096841.803179 sending message 105 to peer 0x55c9e11972c0 (1519 bytes)
1715096841.803196 sending message 105 to peer 0x55c9e11972c0 (53 bytes)
1715096841.803201 sending message 105 to peer 0x55c9e11972c0 (34 bytes)
1715096841.803209 sending message 105 to peer 0x55c9e11972c0 (23 bytes)
1715096841.803214 sending message 105 to peer 0x55c9e11972c0 (20 bytes)
1715096841.803218 sending message 105 to peer 0x55c9e11972c0 (32 bytes)
1715096841.803222 sending message 105 to peer 0x55c9e11972c0 (12 bytes)
1715096841.803226 sending message 105 to peer 0x55c9e11972c0 (8 bytes)
1715096841.803230 sending message 105 to peer 0x55c9e11972c0 (20 bytes)
1715096841.803234 sending message 105 to peer 0x55c9e11972c0 (31 bytes)
1715096841.803238 sending message 105 to peer 0x55c9e11972c0 (35 bytes)
1715096841.803242 sending message 105 to peer 0x55c9e11972c0 (65 bytes)
1715096841.803247 sending message 105 to peer 0x55c9e11972c0 (104 bytes)
1715096841.803251 sending message 105 to peer 0x55c9e11972c0 (54 bytes)
1715096841.803255 sending message 105 to peer 0x55c9e11972c0 (19 bytes)
1715096841.803259 sending message 105 to peer 0x55c9e11972c0 (16 bytes)
1715096841.803263 sending message 105 to peer 0x55c9e11972c0 (20 bytes)
1715096841.803267 sending message 106 to peer 0x55c9e11972c0 (0 bytes)
1715096841.803275 sending message 200 to peer 0x55c9e11972c0 (4 bytes)
1715096841.803279 client loop enter
1715096841.803324 client_signal: Child exited
1715096841.877159 peer 0x55c9e11972c0 message 207
1715096841.877172 sending message 208 to peer 0x55c9e11972c0 (0 bytes)
1715096852.139248 peer 0x55c9e11972c0 message 201
1715096852.139260 sending message 205 to peer 0x55c9e11972c0 (0 bytes)
1715096852.139936 peer 0x55c9e11972c0 message 204
1715096852.139944 client loop exit
